2026-06-14T02:20:57.886285+00:00 PAHADImirg login[312]: PAM unable to dlopen(pam_lastlog.so): /usr/lib/security/pam_lastlog.so: cannot open shared object file: No such file or directory
2026-06-14T02:20:57.886380+00:00 PAHADImirg login[312]: PAM adding faulty module: pam_lastlog.so
2026-06-14T02:20:58.199302+00:00 PAHADImirg login[312]: pam_unix(login:session): session opened for user inoske(uid=1000) by inoske(uid=0)
2026-06-14T02:20:58.240215+00:00 PAHADImirg systemd-logind[181]: New session 1 of user inoske.
2026-06-14T02:20:58.252108+00:00 PAHADImirg (systemd): pam_unix(systemd-user:session): session opened for user inoske(uid=1000) by inoske(uid=0)
2026-06-14T02:24:51.468328+00:00 PAHADImirg sudo:   inoske : TTY=pts/0 ; PWD=/mnt/h/project/weekend_projects/project3/SlowPro ; USER=root ; COMMAND=./slowpro.sh
2026-06-14T02:24:51.468694+00:00 PAHADImirg sudo: pam_unix(sudo:session): session opened for user root(uid=0) by (uid=1000)
2026-06-14T02:24:52.277438+00:00 PAHADImirg sudo: pam_unix(sudo:session): session closed for user root
2026-06-14T02:27:20.993814+00:00 PAHADImirg sudo:   inoske : TTY=pts/0 ; PWD=/mnt/h/project/weekend_projects/project3/SlowPro ; USER=root ; COMMAND=./slowpro.sh
2026-06-14T02:27:20.994504+00:00 PAHADImirg sudo: pam_unix(sudo:session): session opened for user root(uid=0) by (uid=1000)
2026-06-14T02:27:21.491921+00:00 PAHADImirg sudo: pam_unix(sudo:session): session closed for user root
2026-06-14T02:29:44.957592+00:00 PAHADImirg sudo:   inoske : TTY=pts/0 ; PWD=/mnt/h/project/weekend_projects/project3/SlowPro ; USER=root ; COMMAND=./slowpro.sh
2026-06-14T02:29:44.958165+00:00 PAHADImirg sudo: pam_unix(sudo:session): session opened for user root(uid=0) by (uid=1000)
2026-06-14T02:29:45.442529+00:00 PAHADImirg sudo: pam_unix(sudo:session): session closed for user root
2026-06-14T02:46:13.972310+00:00 PAHADImirg sudo:   inoske : TTY=pts/0 ; PWD=/mnt/h/project/weekend_projects/project3/SlowPro ; USER=root ; COMMAND=./slowpro.sh
2026-06-14T02:46:13.978063+00:00 PAHADImirg sudo: pam_unix(sudo:session): session opened for user root(uid=0) by (uid=1000)
2026-06-14T02:46:14.527413+00:00 PAHADImirg sudo: pam_unix(sudo:session): session closed for user root
2026-06-14T02:47:26.933565+00:00 PAHADImirg polkitd[1761]: Loading rules from directory /etc/polkit-1/rules.d
2026-06-14T02:47:26.933833+00:00 PAHADImirg polkitd[1761]: Loading rules from directory /usr/share/polkit-1/rules.d
2026-06-14T02:47:26.936969+00:00 PAHADImirg polkitd[1761]: Finished loading, compiling and executing 4 rules
2026-06-14T02:47:26.937869+00:00 PAHADImirg polkitd[1761]: Acquired the name org.freedesktop.PolicyKit1 on the system bus
2026-06-14T02:53:59.271845+00:00 PAHADImirg sudo:   inoske : TTY=pts/0 ; PWD=/mnt/h/project/weekend_projects/project3/SlowPro ; USER=root ; COMMAND=./slowpro.sh
2026-06-14T02:53:59.274688+00:00 PAHADImirg sudo: pam_unix(sudo:session): session opened for user root(uid=0) by (uid=1000)
2026-06-14T02:53:59.866693+00:00 PAHADImirg sudo: pam_unix(sudo:session): session closed for user root
2026-06-14T02:56:54.309984+00:00 PAHADImirg sudo:   inoske : TTY=pts/0 ; PWD=/mnt/h/project/weekend_projects/project3/SlowPro ; USER=root ; COMMAND=./slowpro.sh
2026-06-14T02:56:54.312632+00:00 PAHADImirg sudo: pam_unix(sudo:session): session opened for user root(uid=0) by (uid=1000)
2026-06-14T02:56:54.854808+00:00 PAHADImirg sudo: pam_unix(sudo:session): session closed for user root
2026-06-14T03:06:42.559845+00:00 PAHADImirg sudo:   inoske : TTY=pts/0 ; PWD=/mnt/h/project/weekend_projects/project3/SlowPro ; USER=root ; COMMAND=./slowpro.sh
2026-06-14T03:06:42.562536+00:00 PAHADImirg sudo: pam_unix(sudo:session): session opened for user root(uid=0) by (uid=1000)
2026-06-14T03:06:43.139959+00:00 PAHADImirg sudo: pam_unix(sudo:session): session closed for user root
2026-06-14T03:10:01.578526+00:00 PAHADImirg CRON[3435]: pam_unix(cron:session): session opened for user root(uid=0) by root(uid=0)
2026-06-14T03:10:01.580401+00:00 PAHADImirg CRON[3435]: pam_unix(cron:session): session closed for user root
2026-06-14T03:16:06.032027+00:00 PAHADImirg sudo:   inoske : TTY=pts/0 ; PWD=/mnt/h/project/weekend_projects/project3/SlowPro ; USER=root ; COMMAND=./slowpro.sh
2026-06-14T03:16:06.034479+00:00 PAHADImirg sudo: pam_unix(sudo:session): session opened for user root(uid=0) by (uid=1000)
2026-06-14T03:16:06.586114+00:00 PAHADImirg sudo: pam_unix(sudo:session): session closed for user root
2026-06-14T03:17:01.803680+00:00 PAHADImirg CRON[4120]: pam_unix(cron:session): session opened for user root(uid=0) by root(uid=0)
2026-06-14T03:17:01.807577+00:00 PAHADImirg CRON[4120]: pam_unix(cron:session): session closed for user root
2026-06-14T03:48:20.606903+00:00 PAHADImirg CRON[4806]: pam_unix(cron:session): session opened for user root(uid=0) by root(uid=0)
2026-06-14T03:48:20.609770+00:00 PAHADImirg CRON[4806]: pam_unix(cron:session): session closed for user root
2026-06-14T04:02:55.364129+00:00 PAHADImirg sudo:   inoske : TTY=pts/0 ; PWD=/mnt/h/project/weekend_projects/project3/SlowPro ; USER=root ; COMMAND=./slowpro.sh
2026-06-14T04:02:55.370681+00:00 PAHADImirg sudo: pam_unix(sudo:session): session opened for user root(uid=0) by (uid=1000)
2026-06-14T04:02:55.976251+00:00 PAHADImirg sudo: pam_unix(sudo:session): session closed for user root
2026-06-14T04:03:46.770027+00:00 PAHADImirg sudo:   inoske : TTY=pts/0 ; PWD=/mnt/h/project/weekend_projects/project3/SlowPro ; USER=root ; COMMAND=./slowpro.sh --compare cases/CASE_2026-06-14_02-27-21 cases/CASE_2026-06-14_02-56-54
2026-06-14T04:03:46.770544+00:00 PAHADImirg sudo: pam_unix(sudo:session): session opened for user root(uid=0) by (uid=1000)
2026-06-14T04:03:47.351913+00:00 PAHADImirg sudo: pam_unix(sudo:session): session closed for user root
2026-06-14T04:03:56.067793+00:00 PAHADImirg sudo:   inoske : TTY=pts/0 ; PWD=/mnt/h/project/weekend_projects/project3/SlowPro ; USER=root ; COMMAND=./slowpro.sh --compare cases/CASE_2026-06-14_02-27-21 cases/CASE_2026-06-14_02-56-54
2026-06-14T04:03:56.068586+00:00 PAHADImirg sudo: pam_unix(sudo:session): session opened for user root(uid=0) by (uid=1000)
2026-06-14T04:03:56.636364+00:00 PAHADImirg sudo: pam_unix(sudo:session): session closed for user root
2026-06-14T04:08:49.104337+00:00 PAHADImirg sudo:   inoske : TTY=pts/0 ; PWD=/mnt/h/project/weekend_projects/project3/SlowPro ; USER=root ; COMMAND=./slowpro.sh --compare cases/CASE_2026-06-14_02-27-21 cases/CASE_2026-06-14_02-56-54
2026-06-14T04:08:49.106242+00:00 PAHADImirg sudo: pam_unix(sudo:session): session opened for user root(uid=0) by (uid=1000)
2026-06-14T04:08:49.512410+00:00 PAHADImirg sudo: pam_unix(sudo:session): session closed for user root
2026-06-14T04:17:01.453285+00:00 PAHADImirg CRON[5907]: pam_unix(cron:session): session opened for user root(uid=0) by root(uid=0)
2026-06-14T04:17:01.457521+00:00 PAHADImirg CRON[5907]: pam_unix(cron:session): session closed for user root
2026-06-14T04:50:37.570942+00:00 PAHADImirg systemd-logind[181]: The system will power off now!
2026-06-14T04:50:37.638846+00:00 PAHADImirg systemd-logind[181]: System is powering down.
2026-06-16T09:29:41.528508+00:00 PAHADImirg sshd[187]: Server listening on 0.0.0.0 port 22.
2026-06-16T09:29:41.528515+00:00 PAHADImirg sshd[187]: Server listening on :: port 22.
2026-06-16T09:29:41.528540+00:00 PAHADImirg systemd-logind[178]: New seat seat0.
2026-06-16T09:29:42.375590+00:00 PAHADImirg login[308]: PAM unable to dlopen(pam_lastlog.so): /usr/lib/security/pam_lastlog.so: cannot open shared object file: No such file or directory
2026-06-16T09:29:42.375690+00:00 PAHADImirg login[308]: PAM adding faulty module: pam_lastlog.so
2026-06-16T09:29:42.734954+00:00 PAHADImirg login[308]: pam_unix(login:session): session opened for user inoske(uid=1000) by inoske(uid=0)
2026-06-16T09:29:42.801160+00:00 PAHADImirg systemd-logind[178]: New session 1 of user inoske.
2026-06-16T09:29:42.817689+00:00 PAHADImirg (systemd): pam_unix(systemd-user:session): session opened for user inoske(uid=1000) by inoske(uid=0)
2026-06-16T09:34:14.342070+00:00 PAHADImirg sudo:   inoske : TTY=pts/0 ; PWD=/mnt/h/project/weekend_projects/project3/SlowPro ; USER=root ; COMMAND=./slowpro.sh
2026-06-16T09:34:14.342385+00:00 PAHADImirg sudo: pam_unix(sudo:session): session opened for user root(uid=0) by (uid=1000)
2026-06-16T09:34:15.139926+00:00 PAHADImirg sudo: pam_unix(sudo:session): session closed for user root
2026-06-16T09:37:13.319749+00:00 PAHADImirg sudo:   inoske : TTY=pts/0 ; PWD=/mnt/h/project/weekend_projects/project3/SlowPro ; USER=root ; COMMAND=./slowpro.sh
2026-06-16T09:37:13.320172+00:00 PAHADImirg sudo: pam_unix(sudo:session): session opened for user root(uid=0) by (uid=1000)
