2026-06-22T03:24:10.005899+00:00 PAHADImirg login[405]: PAM unable to dlopen(pam_lastlog.so): /usr/lib/security/pam_lastlog.so: cannot open shared object file: No such file or directory
2026-06-22T03:24:10.006046+00:00 PAHADImirg login[405]: PAM adding faulty module: pam_lastlog.so
2026-06-22T03:24:10.435742+00:00 PAHADImirg login[405]: pam_unix(login:session): session opened for user inoske(uid=1000) by inoske(uid=0)
2026-06-22T03:24:10.503777+00:00 PAHADImirg systemd-logind[200]: New session 1 of user inoske.
2026-06-22T03:24:10.518747+00:00 PAHADImirg (systemd): pam_unix(systemd-user:session): session opened for user inoske(uid=1000) by inoske(uid=0)
2026-06-22T03:50:12.669941+00:00 PAHADImirg systemd-logind[200]: The system will power off now!
2026-06-22T03:50:12.683086+00:00 PAHADImirg systemd-logind[200]: System is powering down.
2026-06-23T04:54:35.090251+00:00 PAHADImirg sshd[200]: Server listening on 0.0.0.0 port 22.
2026-06-23T04:54:35.090257+00:00 PAHADImirg sshd[200]: Server listening on :: port 22.
2026-06-23T04:54:35.090291+00:00 PAHADImirg systemd-logind[191]: New seat seat0.
2026-06-23T04:54:33.723667+00:00 PAHADImirg login[342]: PAM unable to dlopen(pam_lastlog.so): /usr/lib/security/pam_lastlog.so: cannot open shared object file: No such file or directory
2026-06-23T04:54:33.723801+00:00 PAHADImirg login[342]: PAM adding faulty module: pam_lastlog.so
2026-06-23T04:54:34.117621+00:00 PAHADImirg login[342]: pam_unix(login:session): session opened for user inoske(uid=1000) by inoske(uid=0)
2026-06-23T04:54:34.186011+00:00 PAHADImirg systemd-logind[191]: New session 6 of user inoske.
2026-06-23T04:54:34.266934+00:00 PAHADImirg (systemd): pam_unix(systemd-user:session): session opened for user inoske(uid=1000) by inoske(uid=0)
2026-06-23T04:56:17.232130+00:00 PAHADImirg polkitd[780]: Loading rules from directory /etc/polkit-1/rules.d
2026-06-23T04:56:17.232440+00:00 PAHADImirg polkitd[780]: Loading rules from directory /usr/share/polkit-1/rules.d
2026-06-23T04:56:17.234639+00:00 PAHADImirg polkitd[780]: Finished loading, compiling and executing 4 rules
2026-06-23T04:56:17.235438+00:00 PAHADImirg polkitd[780]: Acquired the name org.freedesktop.PolicyKit1 on the system bus
2026-06-23T05:00:53.218945+00:00 PAHADImirg sudo:   inoske : TTY=pts/0 ; PWD=/mnt/h/project/weekend_projects/project3/SlowPro ; USER=root ; COMMAND=./slowpro.sh
2026-06-23T05:00:53.220943+00:00 PAHADImirg sudo: pam_unix(sudo:session): session opened for user root(uid=0) by (uid=1000)
2026-06-23T05:02:09.527819+00:00 PAHADImirg sudo: pam_unix(sudo:session): session closed for user root
2026-06-23T05:02:45.973713+00:00 PAHADImirg sudo:   inoske : TTY=pts/0 ; PWD=/mnt/h/project/weekend_projects/project3/SlowPro ; USER=root ; COMMAND=/usr/bin/bash -x ./slowpro.sh
2026-06-23T05:02:45.974067+00:00 PAHADImirg sudo: pam_unix(sudo:session): session opened for user root(uid=0) by (uid=1000)
2026-06-23T05:04:03.163123+00:00 PAHADImirg sudo: pam_unix(sudo:session): session closed for user root
2026-06-23T05:04:07.266116+00:00 PAHADImirg sudo:   inoske : TTY=pts/0 ; PWD=/mnt/h/project/weekend_projects/project3/SlowPro ; USER=root ; COMMAND=./slowpro.sh
2026-06-23T05:04:07.266643+00:00 PAHADImirg sudo: pam_unix(sudo:session): session opened for user root(uid=0) by (uid=1000)
2026-06-23T05:04:16.966736+00:00 PAHADImirg sudo: pam_unix(sudo:session): session closed for user root
2026-06-23T05:06:18.065205+00:00 PAHADImirg sudo:   inoske : TTY=pts/0 ; PWD=/mnt/h/project/weekend_projects/project3/SlowPro ; USER=root ; COMMAND=./slowpro.sh
2026-06-23T05:06:18.067434+00:00 PAHADImirg sudo: pam_unix(sudo:session): session opened for user root(uid=0) by (uid=1000)
